1599462030028	geckodriver	INFO	Listening on 127.0.0.1:64199
1599462033118	mozrunner::runner	INFO	Running command: "C:\\Program Files\\Mozilla Firefox\\firefox.exe" "--marionette" "-foreground" "-no-remote" "-profile" "C:\\Users\\jinwy\\AppData\\Local\\Temp\\rust_mozprofileQYsqVG"
JavaScript error: resource://gre/modules/XULStore.jsm, line 66: Error: Can't find profile directory.
console.error: SearchCache: "_readCacheFile: Error reading cache file:" (new Error("", "(unknown module)"))
1599462039653	Marionette	INFO	Listening on port 64212
1599462040014	Marionette	WARN	TLS certificate errors will be ignored for this session
JavaScript error: resource://gre/modules/URIFixup.jsm, line 271: NS_ERROR_FAILURE: Should pass a non-null uri
JavaScript warning: https://tianqi.2345.com/tqpcimg/tianqiimg/theme4/js/scroll-min.js, line 1: unreachable code after return statement
JavaScript warning: https://tianqi.2345.com/tqpcimg/tianqiimg/theme4/js/scroll-min.js, line 1: unreachable code after return statement
JavaScript warning: https://tianqi.2345.com/tqpcimg/tianqiimg/theme4/js/scroll-min.js, line 1: unreachable code after return statement
JavaScript warning: https://tianqi.2345.com/tqpcimg/tianqiimg/theme4/js/scroll-min.js, line 1: unreachable code after return statement
JavaScript warning: https://tianqi.2345.com/tqpcimg/tianqiimg/theme4/js/scroll-min.js, line 1: unreachable code after return statement
JavaScript warning: https://tianqi.2345.com/tqpcimg/tianqiimg/theme4/js/scroll-min.js, line 1: unreachable code after return statement
JavaScript warning: https://tianqi.2345.com/tqpcimg/tianqiimg/theme4/js/scroll-min.js, line 1: unreachable code after return statement
JavaScript warning: https://tianqi.2345.com/tqpcimg/tianqiimg/theme4/js/scroll-min.js, line 1: unreachable code after return statement
JavaScript warning: https://pos.baidu.com/rctm?conwid=706&conhei=100&rdid=6093122&dc=3&exps=110261,110252,110011&psi=aecc28e9261b311684ffb53fe84cf36c&di=u6093122&dri=0&dis=0&dai=2&ps=1261x451&enu=encoding&ant=0&dcb=___adblockplus_&dtm=HTML_POST&dvi=0.0&dci=-1&dpt=none&tsr=0&tpr=1599462042633&ti=%E5%A4%A9%E6%B0%94%E9%A2%84%E6%8A%A5%E6%9F%A5%E8%AF%A2%E4%B8%80%E5%91%A8%2C%E5%A4%A9%E6%B0%94%E9%A2%84%E6%8A%A515%E5%A4%A9%E6%9F%A5%E8%AF%A2%2C24%E5%B0%8F%E6%97%B6%2C10%E5%A4%A9%2C30%E5%A4%A9_2345%E5%A4%A9%E6%B0%94%E9%A2%84%E6%8A%A5&ari=2&ver=0904&dbv=0&drs=1&pcs=1903x938&pss=1903x1261&cfv=0&cpl=0&chi=1&cce=true&cec=UTF-8&tlm=1599462045&prot=2&rw=938&ltu=https%3A%2F%2Ftianqi.2345.com%2F&ecd=1&uc=1920x1040&pis=-1x-1&sr=1920x1080&tcn=1599462043&qn=4077ec50c6e5daa9&tt=1599462042612.127.1206.1208, line 137: unreachable code after return statement
JavaScript warning: https://pos.baidu.com/rctm?conwid=706&conhei=100&rdid=6093122&dc=3&exps=110261,110252,110011&psi=aecc28e9261b311684ffb53fe84cf36c&di=u6093122&dri=0&dis=0&dai=2&ps=1261x451&enu=encoding&ant=0&dcb=___adblockplus_&dtm=HTML_POST&dvi=0.0&dci=-1&dpt=none&tsr=0&tpr=1599462042633&ti=%E5%A4%A9%E6%B0%94%E9%A2%84%E6%8A%A5%E6%9F%A5%E8%AF%A2%E4%B8%80%E5%91%A8%2C%E5%A4%A9%E6%B0%94%E9%A2%84%E6%8A%A515%E5%A4%A9%E6%9F%A5%E8%AF%A2%2C24%E5%B0%8F%E6%97%B6%2C10%E5%A4%A9%2C30%E5%A4%A9_2345%E5%A4%A9%E6%B0%94%E9%A2%84%E6%8A%A5&ari=2&ver=0904&dbv=0&drs=1&pcs=1903x938&pss=1903x1261&cfv=0&cpl=0&chi=1&cce=true&cec=UTF-8&tlm=1599462045&prot=2&rw=938&ltu=https%3A%2F%2Ftianqi.2345.com%2F&ecd=1&uc=1920x1040&pis=-1x-1&sr=1920x1080&tcn=1599462043&qn=4077ec50c6e5daa9&tt=1599462042612.127.1206.1208, line 137: unreachable code after return statement
1599462048647	Marionette	INFO	Stopped listening on port 64212
JavaScript error: resource://gre/modules/Sqlite.jsm, line 1031: Error: Sqlite.jsm has been shutdown. Cannot open connection to: C:\Users\jinwy\AppData\Local\Temp\rust_mozprofileQYsqVG\protections.sqlite

###!!! [Child][RunMessage] Error: Channel closing: too late to send/recv, messages will be lost


###!!! [Child][RunMessage] Error: Channel closing: too late to send/recv, messages will be lost


###!!! [Child][RunMessage] Error: Channel closing: too late to send/recv, messages will be lost


###!!! [Child][RunMessage] Error: Channel closing: too late to send/recv, messages will be lost


###!!! [Child][RunMessage] Error: Channel closing: too late to send/recv, messages will be lost


###!!! [Child][RunMessage] Error: Channel closing: too late to send/recv, messages will be lost


###!!! [Child][RunMessage] Error: Channel closing: too late to send/recv, messages will be lost


###!!! [Child][RunMessage] Error: Channel closing: too late to send/recv, messages will be lost


###!!! [Child][RunMessage] Error: Channel closing: too late to send/recv, messages will be lost


###!!! [Child][MessageChannel::SendAndWait] Error: Channel error: cannot send/recv

1599462051449	geckodriver	INFO	Listening on 127.0.0.1:64410
1599462054453	mozrunner::runner	INFO	Running command: "C:\\Program Files\\Mozilla Firefox\\firefox.exe" "--marionette" "-foreground" "-no-remote" "-profile" "C:\\Users\\jinwy\\AppData\\Local\\Temp\\rust_mozprofile8XebHP"
JavaScript error: resource://gre/modules/XULStore.jsm, line 66: Error: Can't find profile directory.
console.error: SearchCache: "_readCacheFile: Error reading cache file:" (new Error("", "(unknown module)"))
1599462058948	Marionette	INFO	Listening on port 64425
1599462059323	Marionette	WARN	TLS certificate errors will be ignored for this session
JavaScript error: resource://gre/modules/URIFixup.jsm, line 271: NS_ERROR_FAILURE: Should pass a non-null uri
JavaScript warning: https://tianqi.2345.com/tqpcimg/tianqiimg/theme4/js/scroll-min.js, line 1: unreachable code after return statement
JavaScript warning: https://tianqi.2345.com/tqpcimg/tianqiimg/theme4/js/scroll-min.js, line 1: unreachable code after return statement
JavaScript warning: https://tianqi.2345.com/tqpcimg/tianqiimg/theme4/js/scroll-min.js, line 1: unreachable code after return statement
JavaScript warning: https://tianqi.2345.com/tqpcimg/tianqiimg/theme4/js/scroll-min.js, line 1: unreachable code after return statement
JavaScript warning: https://tianqi.2345.com/tqpcimg/tianqiimg/theme4/js/scroll-min.js, line 1: unreachable code after return statement
JavaScript warning: https://tianqi.2345.com/tqpcimg/tianqiimg/theme4/js/scroll-min.js, line 1: unreachable code after return statement
JavaScript warning: https://tianqi.2345.com/tqpcimg/tianqiimg/theme4/js/scroll-min.js, line 1: unreachable code after return statement
JavaScript warning: https://tianqi.2345.com/tqpcimg/tianqiimg/theme4/js/scroll-min.js, line 1: unreachable code after return statement
JavaScript warning: https://pos.baidu.com/ocam?conwid=706&conhei=100&rdid=6093122&dc=3&exps=110261,110252,110011&psi=027fe4a20e2b2f96149035797b4317aa&di=u6093122&dri=0&dis=0&dai=2&ps=1261x451&enu=encoding&ant=0&dcb=___adblockplus_&dtm=HTML_POST&dvi=0.0&dci=-1&dpt=none&tsr=0&tpr=1599462061301&ti=%E5%A4%A9%E6%B0%94%E9%A2%84%E6%8A%A5%E6%9F%A5%E8%AF%A2%E4%B8%80%E5%91%A8%2C%E5%A4%A9%E6%B0%94%E9%A2%84%E6%8A%A515%E5%A4%A9%E6%9F%A5%E8%AF%A2%2C24%E5%B0%8F%E6%97%B6%2C10%E5%A4%A9%2C30%E5%A4%A9_2345%E5%A4%A9%E6%B0%94%E9%A2%84%E6%8A%A5&ari=2&ver=0904&dbv=0&drs=1&pcs=1903x938&pss=1903x1261&cfv=0&cpl=0&chi=1&cce=true&cec=UTF-8&tlm=1599462063&prot=2&rw=938&ltu=https%3A%2F%2Ftianqi.2345.com%2F&ecd=1&uc=1920x1040&pis=-1x-1&sr=1920x1080&tcn=1599462061&qn=2ccacbd12e2d98d4&tt=1599462061260.113.1306.1307, line 137: unreachable code after return statement
JavaScript warning: https://pos.baidu.com/ocam?conwid=706&conhei=100&rdid=6093122&dc=3&exps=110261,110252,110011&psi=027fe4a20e2b2f96149035797b4317aa&di=u6093122&dri=0&dis=0&dai=2&ps=1261x451&enu=encoding&ant=0&dcb=___adblockplus_&dtm=HTML_POST&dvi=0.0&dci=-1&dpt=none&tsr=0&tpr=1599462061301&ti=%E5%A4%A9%E6%B0%94%E9%A2%84%E6%8A%A5%E6%9F%A5%E8%AF%A2%E4%B8%80%E5%91%A8%2C%E5%A4%A9%E6%B0%94%E9%A2%84%E6%8A%A515%E5%A4%A9%E6%9F%A5%E8%AF%A2%2C24%E5%B0%8F%E6%97%B6%2C10%E5%A4%A9%2C30%E5%A4%A9_2345%E5%A4%A9%E6%B0%94%E9%A2%84%E6%8A%A5&ari=2&ver=0904&dbv=0&drs=1&pcs=1903x938&pss=1903x1261&cfv=0&cpl=0&chi=1&cce=true&cec=UTF-8&tlm=1599462063&prot=2&rw=938&ltu=https%3A%2F%2Ftianqi.2345.com%2F&ecd=1&uc=1920x1040&pis=-1x-1&sr=1920x1080&tcn=1599462061&qn=2ccacbd12e2d98d4&tt=1599462061260.113.1306.1307, line 137: unreachable code after return statement
1599462066975	Marionette	INFO	Stopped listening on port 64425
IPDL protocol error: Handler returned error code!

###!!! [Parent][DispatchSyncMessage] Error: PContent::Msg_IsSecureURI Processing error: message was deserialized, but the handler returned false (indicating failure)

JavaScript error: resource:///modules/sessionstore/SessionStore.jsm, line 2262: TypeError: subject.QueryInterface is not a function
A content process crashed and MOZ_CRASHREPORTER_SHUTDOWN is set, shutting down

###!!! [Child][RunMessage] Error: Channel closing: too late to send/recv, messages will be lost


###!!! [Child][MessageChannel::SendAndWait] Error: Channel error: cannot send/recv

1599462070150	geckodriver	INFO	Listening on 127.0.0.1:64678
1599462073208	mozrunner::runner	INFO	Running command: "C:\\Program Files\\Mozilla Firefox\\firefox.exe" "--marionette" "-foreground" "-no-remote" "-profile" "C:\\Users\\jinwy\\AppData\\Local\\Temp\\rust_mozprofileSwklRN"
JavaScript error: resource://gre/modules/XULStore.jsm, line 66: Error: Can't find profile directory.
console.error: SearchCache: "_readCacheFile: Error reading cache file:" (new Error("", "(unknown module)"))
1599462077644	Marionette	INFO	Listening on port 64689
1599462077946	Marionette	WARN	TLS certificate errors will be ignored for this session
JavaScript error: resource://gre/modules/URIFixup.jsm, line 271: NS_ERROR_FAILURE: Should pass a non-null uri
JavaScript warning: https://tianqi.2345.com/tqpcimg/tianqiimg/theme4/js/scroll-min.js, line 1: unreachable code after return statement
JavaScript warning: https://tianqi.2345.com/tqpcimg/tianqiimg/theme4/js/scroll-min.js, line 1: unreachable code after return statement
JavaScript warning: https://tianqi.2345.com/tqpcimg/tianqiimg/theme4/js/scroll-min.js, line 1: unreachable code after return statement
JavaScript warning: https://tianqi.2345.com/tqpcimg/tianqiimg/theme4/js/scroll-min.js, line 1: unreachable code after return statement
JavaScript warning: https://tianqi.2345.com/tqpcimg/tianqiimg/theme4/js/scroll-min.js, line 1: unreachable code after return statement
JavaScript warning: https://tianqi.2345.com/tqpcimg/tianqiimg/theme4/js/scroll-min.js, line 1: unreachable code after return statement
JavaScript warning: https://tianqi.2345.com/tqpcimg/tianqiimg/theme4/js/scroll-min.js, line 1: unreachable code after return statement
JavaScript warning: https://tianqi.2345.com/tqpcimg/tianqiimg/theme4/js/scroll-min.js, line 1: unreachable code after return statement
JavaScript warning: https://pos.baidu.com/xcsm?conwid=706&conhei=100&rdid=6093122&dc=3&exps=110261,110252,110011&psi=662b6bc24da077cce2552a2dacab67ac&di=u6093122&dri=0&dis=0&dai=2&ps=1261x451&enu=encoding&ant=0&dcb=___adblockplus_&dtm=HTML_POST&dvi=0.0&dci=-1&dpt=none&tsr=0&tpr=1599462080016&ti=%E5%A4%A9%E6%B0%94%E9%A2%84%E6%8A%A5%E6%9F%A5%E8%AF%A2%E4%B8%80%E5%91%A8%2C%E5%A4%A9%E6%B0%94%E9%A2%84%E6%8A%A515%E5%A4%A9%E6%9F%A5%E8%AF%A2%2C24%E5%B0%8F%E6%97%B6%2C10%E5%A4%A9%2C30%E5%A4%A9_2345%E5%A4%A9%E6%B0%94%E9%A2%84%E6%8A%A5&ari=2&ver=0904&dbv=0&drs=1&pcs=1903x938&pss=1903x1261&cfv=0&cpl=0&chi=1&cce=true&cec=UTF-8&tlm=1599462082&prot=2&rw=938&ltu=https%3A%2F%2Ftianqi.2345.com%2F&ecd=1&uc=1920x1040&pis=-1x-1&sr=1920x1080&tcn=1599462080&qn=f4898db57b7f5e2c&tt=1599462079974.100.1219.1220, line 137: unreachable code after return statement
JavaScript warning: https://pos.baidu.com/xcsm?conwid=706&conhei=100&rdid=6093122&dc=3&exps=110261,110252,110011&psi=662b6bc24da077cce2552a2dacab67ac&di=u6093122&dri=0&dis=0&dai=2&ps=1261x451&enu=encoding&ant=0&dcb=___adblockplus_&dtm=HTML_POST&dvi=0.0&dci=-1&dpt=none&tsr=0&tpr=1599462080016&ti=%E5%A4%A9%E6%B0%94%E9%A2%84%E6%8A%A5%E6%9F%A5%E8%AF%A2%E4%B8%80%E5%91%A8%2C%E5%A4%A9%E6%B0%94%E9%A2%84%E6%8A%A515%E5%A4%A9%E6%9F%A5%E8%AF%A2%2C24%E5%B0%8F%E6%97%B6%2C10%E5%A4%A9%2C30%E5%A4%A9_2345%E5%A4%A9%E6%B0%94%E9%A2%84%E6%8A%A5&ari=2&ver=0904&dbv=0&drs=1&pcs=1903x938&pss=1903x1261&cfv=0&cpl=0&chi=1&cce=true&cec=UTF-8&tlm=1599462082&prot=2&rw=938&ltu=https%3A%2F%2Ftianqi.2345.com%2F&ecd=1&uc=1920x1040&pis=-1x-1&sr=1920x1080&tcn=1599462080&qn=f4898db57b7f5e2c&tt=1599462079974.100.1219.1220, line 137: unreachable code after return statement
JavaScript warning: https://tianqi.2345.com/tqpcimg/tianqiimg/theme4/js/scroll-min.js, line 1: unreachable code after return statement
JavaScript warning: https://tianqi.2345.com/tqpcimg/tianqiimg/theme4/js/scroll-min.js, line 1: unreachable code after return statement
JavaScript warning: https://tianqi.2345.com/tqpcimg/tianqiimg/theme4/js/scroll-min.js, line 1: unreachable code after return statement
JavaScript warning: https://tianqi.2345.com/tqpcimg/tianqiimg/theme4/js/scroll-min.js, line 1: unreachable code after return statement
JavaScript warning: https://tianqi.2345.com/tqpcimg/tianqiimg/theme4/js/scroll-min.js, line 1: unreachable code after return statement
JavaScript warning: https://tianqi.2345.com/tqpcimg/tianqiimg/theme4/js/scroll-min.js, line 1: unreachable code after return statement
JavaScript warning: https://tianqi.2345.com/tqpcimg/tianqiimg/theme4/js/scroll-min.js, line 1: unreachable code after return statement
JavaScript warning: https://tianqi.2345.com/tqpcimg/tianqiimg/theme4/js/scroll-min.js, line 1: unreachable code after return statement
JavaScript warning: https://pos.baidu.com/yctm?conwid=706&conhei=100&rdid=6093122&dc=3&exps=110261,110252,110011&psi=33155f9e0623b962ec38940a9efe2caf&di=u6093122&dri=0&dis=0&dai=2&ps=1381x451&enu=encoding&ant=0&dcb=___adblockplus_&dtm=HTML_POST&dvi=0.0&dci=-1&dpt=none&tsr=0&tpr=1599462086495&ti=%E5%A4%A9%E6%B0%94%E9%A2%84%E6%8A%A5%E6%9F%A5%E8%AF%A2%E4%B8%80%E5%91%A8%2C%E5%A4%A9%E6%B0%94%E9%A2%84%E6%8A%A515%E5%A4%A9%E6%9F%A5%E8%AF%A2%2C24%E5%B0%8F%E6%97%B6%2C10%E5%A4%A9%2C30%E5%A4%A9_2345%E5%A4%A9%E6%B0%94%E9%A2%84%E6%8A%A5&ari=2&ver=0904&dbv=0&drs=1&pcs=1903x938&pss=1903x2543&cfv=0&cpl=0&chi=1&cce=true&cec=UTF-8&tlm=1599462089&prot=2&rw=938&ltu=https%3A%2F%2Ftianqi.2345.com%2F&ltr=https%3A%2F%2Ftianqi.2345.com%2F&ecd=1&uc=1920x1040&pis=-1x-1&sr=1920x1080&tcn=1599462087&qn=f4898db57b7f5e2c&tt=1599462086483.37.37.37, line 137: unreachable code after return statement
JavaScript warning: https://pos.baidu.com/yctm?conwid=706&conhei=100&rdid=6093122&dc=3&exps=110261,110252,110011&psi=33155f9e0623b962ec38940a9efe2caf&di=u6093122&dri=0&dis=0&dai=2&ps=1381x451&enu=encoding&ant=0&dcb=___adblockplus_&dtm=HTML_POST&dvi=0.0&dci=-1&dpt=none&tsr=0&tpr=1599462086495&ti=%E5%A4%A9%E6%B0%94%E9%A2%84%E6%8A%A5%E6%9F%A5%E8%AF%A2%E4%B8%80%E5%91%A8%2C%E5%A4%A9%E6%B0%94%E9%A2%84%E6%8A%A515%E5%A4%A9%E6%9F%A5%E8%AF%A2%2C24%E5%B0%8F%E6%97%B6%2C10%E5%A4%A9%2C30%E5%A4%A9_2345%E5%A4%A9%E6%B0%94%E9%A2%84%E6%8A%A5&ari=2&ver=0904&dbv=0&drs=1&pcs=1903x938&pss=1903x2543&cfv=0&cpl=0&chi=1&cce=true&cec=UTF-8&tlm=1599462089&prot=2&rw=938&ltu=https%3A%2F%2Ftianqi.2345.com%2F&ltr=https%3A%2F%2Ftianqi.2345.com%2F&ecd=1&uc=1920x1040&pis=-1x-1&sr=1920x1080&tcn=1599462087&qn=f4898db57b7f5e2c&tt=1599462086483.37.37.37, line 137: unreachable code after return statement
1599462090331	Marionette	INFO	Stopped listening on port 64689

###!!! [Child][RunMessage] Error: Channel closing: too late to send/recv, messages will be lost


###!!! [Child][MessageChannel::SendAndWait] Error: Channel error: cannot send/recv

1599464134383	geckodriver	INFO	Listening on 127.0.0.1:52290
1599464137926	mozrunner::runner	INFO	Running command: "C:\\Program Files\\Mozilla Firefox\\firefox.exe" "--marionette" "-foreground" "-no-remote" "-profile" "C:\\Users\\jinwy\\AppData\\Local\\Temp\\rust_mozprofileWk7zj6"
JavaScript error: resource://gre/modules/XULStore.jsm, line 66: Error: Can't find profile directory.
console.error: SearchCache: "_readCacheFile: Error reading cache file:" (new Error("", "(unknown module)"))
console.error: Region.jsm: "Error fetching region" (new TypeError("NetworkError when attempting to fetch resource.", ""))
console.error: Region.jsm: "Failed to fetch region" (new Error("NO_RESULT", "resource://gre/modules/Region.jsm", 343))
1599464147408	Marionette	INFO	Listening on port 52304
1599464147838	Marionette	WARN	TLS certificate errors will be ignored for this session
JavaScript error: resource://gre/modules/URIFixup.jsm, line 271: NS_ERROR_FAILURE: Should pass a non-null uri
JavaScript warning: https://tianqi.2345.com/tqpcimg/tianqiimg/theme4/js/scroll-min.js, line 1: unreachable code after return statement
JavaScript warning: https://tianqi.2345.com/tqpcimg/tianqiimg/theme4/js/scroll-min.js, line 1: unreachable code after return statement
JavaScript warning: https://tianqi.2345.com/tqpcimg/tianqiimg/theme4/js/scroll-min.js, line 1: unreachable code after return statement
JavaScript warning: https://tianqi.2345.com/tqpcimg/tianqiimg/theme4/js/scroll-min.js, line 1: unreachable code after return statement
JavaScript warning: https://tianqi.2345.com/tqpcimg/tianqiimg/theme4/js/scroll-min.js, line 1: unreachable code after return statement
JavaScript warning: https://tianqi.2345.com/tqpcimg/tianqiimg/theme4/js/scroll-min.js, line 1: unreachable code after return statement
JavaScript warning: https://tianqi.2345.com/tqpcimg/tianqiimg/theme4/js/scroll-min.js, line 1: unreachable code after return statement
JavaScript warning: https://tianqi.2345.com/tqpcimg/tianqiimg/theme4/js/scroll-min.js, line 1: unreachable code after return statement
JavaScript warning: https://pos.baidu.com/qcwm?conwid=706&conhei=100&rdid=6093122&dc=3&exps=110261,110252,110011&psi=bab1d12315861e0355fb0205ef682240&di=u6093122&dri=0&dis=0&dai=2&ps=1261x451&enu=encoding&ant=0&dcb=___adblockplus_&dtm=HTML_POST&dvi=0.0&dci=-1&dpt=none&tsr=0&tpr=1599464150155&ti=%E5%A4%A9%E6%B0%94%E9%A2%84%E6%8A%A5%E6%9F%A5%E8%AF%A2%E4%B8%80%E5%91%A8%2C%E5%A4%A9%E6%B0%94%E9%A2%84%E6%8A%A515%E5%A4%A9%E6%9F%A5%E8%AF%A2%2C24%E5%B0%8F%E6%97%B6%2C10%E5%A4%A9%2C30%E5%A4%A9_2345%E5%A4%A9%E6%B0%94%E9%A2%84%E6%8A%A5&ari=2&ver=0904&dbv=0&drs=1&pcs=1903x938&pss=1903x1261&cfv=0&cpl=0&chi=1&cce=true&cec=UTF-8&tlm=1599464152&prot=2&rw=938&ltu=https%3A%2F%2Ftianqi.2345.com%2F&ecd=1&uc=1920x1040&pis=-1x-1&sr=1920x1080&tcn=1599464150&qn=7f354dfadd80319c&tt=1599464150135.73.1324.1325, line 137: unreachable code after return statement
JavaScript warning: https://pos.baidu.com/qcwm?conwid=706&conhei=100&rdid=6093122&dc=3&exps=110261,110252,110011&psi=bab1d12315861e0355fb0205ef682240&di=u6093122&dri=0&dis=0&dai=2&ps=1261x451&enu=encoding&ant=0&dcb=___adblockplus_&dtm=HTML_POST&dvi=0.0&dci=-1&dpt=none&tsr=0&tpr=1599464150155&ti=%E5%A4%A9%E6%B0%94%E9%A2%84%E6%8A%A5%E6%9F%A5%E8%AF%A2%E4%B8%80%E5%91%A8%2C%E5%A4%A9%E6%B0%94%E9%A2%84%E6%8A%A515%E5%A4%A9%E6%9F%A5%E8%AF%A2%2C24%E5%B0%8F%E6%97%B6%2C10%E5%A4%A9%2C30%E5%A4%A9_2345%E5%A4%A9%E6%B0%94%E9%A2%84%E6%8A%A5&ari=2&ver=0904&dbv=0&drs=1&pcs=1903x938&pss=1903x1261&cfv=0&cpl=0&chi=1&cce=true&cec=UTF-8&tlm=1599464152&prot=2&rw=938&ltu=https%3A%2F%2Ftianqi.2345.com%2F&ecd=1&uc=1920x1040&pis=-1x-1&sr=1920x1080&tcn=1599464150&qn=7f354dfadd80319c&tt=1599464150135.73.1324.1325, line 137: unreachable code after return statement
1599464156312	Marionette	INFO	Stopped listening on port 52304
JavaScript warning: https://tianqi.2345.com/tqpcimg/tianqiimg/theme4/js/scroll-min.js, line 1: unreachable code after return statement
JavaScript warning: https://tianqi.2345.com/tqpcimg/tianqiimg/theme4/js/scroll-min.js, line 1: unreachable code after return statement
JavaScript warning: https://tianqi.2345.com/tqpcimg/tianqiimg/theme4/js/scroll-min.js, line 1: unreachable code after return statement
JavaScript warning: https://tianqi.2345.com/tqpcimg/tianqiimg/theme4/js/scroll-min.js, line 1: unreachable code after return statement
JavaScript warning: https://tianqi.2345.com/tqpcimg/tianqiimg/theme4/js/scroll-min.js, line 1: unreachable code after return statement
JavaScript warning: https://tianqi.2345.com/tqpcimg/tianqiimg/theme4/js/scroll-min.js, line 1: unreachable code after return statement
JavaScript warning: https://tianqi.2345.com/tqpcimg/tianqiimg/theme4/js/scroll-min.js, line 1: unreachable code after return statement
JavaScript warning: https://tianqi.2345.com/tqpcimg/tianqiimg/theme4/js/scroll-min.js, line 1: unreachable code after return statement

###!!! [Child][MessageChannel] Error: (msgtype=0x390138,name=PContent::Msg_ScriptError) Channel closing: too late to send/recv, messages will be lost


###!!! [Child][MessageChannel] Error: (msgtype=0x390138,name=PContent::Msg_ScriptError) Channel closing: too late to send/recv, messages will be lost


###!!! [Child][MessageChannel] Error: (msgtype=0x390138,name=PContent::Msg_ScriptError) Channel closing: too late to send/recv, messages will be lost


###!!! [Child][MessageChannel] Error: (msgtype=0x390138,name=PContent::Msg_ScriptError) Channel closing: too late to send/recv, messages will be lost


###!!! [Child][MessageChannel] Error: (msgtype=0x390138,name=PContent::Msg_ScriptError) Channel closing: too late to send/recv, messages will be lost


###!!! [Child][MessageChannel] Error: (msgtype=0x390138,name=PContent::Msg_ScriptError) Channel closing: too late to send/recv, messages will be lost


###!!! [Child][MessageChannel] Error: (msgtype=0x390138,name=PContent::Msg_ScriptError) Channel closing: too late to send/recv, messages will be lost


###!!! [Child][MessageChannel] Error: (msgtype=0x390138,name=PContent::Msg_ScriptError) Channel closing: too late to send/recv, messages will be lost


###!!! [Child][MessageChannel] Error: (msgtype=0x390138,name=PContent::Msg_ScriptError) Channel closing: too late to send/recv, messages will be lost


###!!! [Child][MessageChannel] Error: (msgtype=0x390138,name=PContent::Msg_ScriptError) Channel closing: too late to send/recv, messages will be lost


###!!! [Child][MessageChannel] Error: (msgtype=0x390138,name=PContent::Msg_ScriptError) Channel closing: too late to send/recv, messages will be lost


###!!! [Child][MessageChannel] Error: (msgtype=0x390138,name=PContent::Msg_ScriptError) Channel closing: too late to send/recv, messages will be lost


###!!! [Child][RunMessage] Error: Channel closing: too late to send/recv, messages will be lost

[Child 11472, Chrome_ChildThread] WARNING: pipe error: 232: file /builds/worker/checkouts/gecko/ipc/chromium/src/chrome/common/ipc_channel_win.cc, line 545

###!!! [Child][RunMessage] Error: Channel closing: too late to send/recv, messages will be lost


###!!! [Child][MessageChannel::SendAndWait] Error: Channel error: cannot send/recv

1599464159753	geckodriver	INFO	Listening on 127.0.0.1:52601
1599464162840	mozrunner::runner	INFO	Running command: "C:\\Program Files\\Mozilla Firefox\\firefox.exe" "--marionette" "-foreground" "-no-remote" "-profile" "C:\\Users\\jinwy\\AppData\\Local\\Temp\\rust_mozprofilewsYvpB"
JavaScript error: resource://gre/modules/XULStore.jsm, line 66: Error: Can't find profile directory.
console.error: SearchCache: "_readCacheFile: Error reading cache file:" (new Error("", "(unknown module)"))
console.error: Region.jsm: "Error fetching region" (new TypeError("NetworkError when attempting to fetch resource.", ""))
console.error: Region.jsm: "Failed to fetch region" (new Error("NO_RESULT", "resource://gre/modules/Region.jsm", 343))
1599464166393	Marionette	INFO	Listening on port 52614
1599464166486	Marionette	WARN	TLS certificate errors will be ignored for this session
JavaScript error: resource://gre/modules/URIFixup.jsm, line 271: NS_ERROR_FAILURE: Should pass a non-null uri
JavaScript warning: https://tianqi.2345.com/tqpcimg/tianqiimg/theme4/js/scroll-min.js, line 1: unreachable code after return statement
JavaScript warning: https://tianqi.2345.com/tqpcimg/tianqiimg/theme4/js/scroll-min.js, line 1: unreachable code after return statement
JavaScript warning: https://tianqi.2345.com/tqpcimg/tianqiimg/theme4/js/scroll-min.js, line 1: unreachable code after return statement
JavaScript warning: https://tianqi.2345.com/tqpcimg/tianqiimg/theme4/js/scroll-min.js, line 1: unreachable code after return statement
JavaScript warning: https://tianqi.2345.com/tqpcimg/tianqiimg/theme4/js/scroll-min.js, line 1: unreachable code after return statement
JavaScript warning: https://tianqi.2345.com/tqpcimg/tianqiimg/theme4/js/scroll-min.js, line 1: unreachable code after return statement
JavaScript warning: https://tianqi.2345.com/tqpcimg/tianqiimg/theme4/js/scroll-min.js, line 1: unreachable code after return statement
JavaScript warning: https://tianqi.2345.com/tqpcimg/tianqiimg/theme4/js/scroll-min.js, line 1: unreachable code after return statement
JavaScript warning: https://pos.baidu.com/dctm?conwid=706&conhei=100&rdid=6093122&dc=3&exps=110261,110252,110011&psi=f47c5bd7ac14c1eb0c75a4064f7f9cfa&di=u6093122&dri=0&dis=0&dai=2&ps=1261x451&enu=encoding&ant=0&dcb=___adblockplus_&dtm=HTML_POST&dvi=0.0&dci=-1&dpt=none&tsr=0&tpr=1599464168373&ti=%E5%A4%A9%E6%B0%94%E9%A2%84%E6%8A%A5%E6%9F%A5%E8%AF%A2%E4%B8%80%E5%91%A8%2C%E5%A4%A9%E6%B0%94%E9%A2%84%E6%8A%A515%E5%A4%A9%E6%9F%A5%E8%AF%A2%2C24%E5%B0%8F%E6%97%B6%2C10%E5%A4%A9%2C30%E5%A4%A9_2345%E5%A4%A9%E6%B0%94%E9%A2%84%E6%8A%A5&ari=2&ver=0904&dbv=0&drs=1&pcs=1903x938&pss=1903x1261&cfv=0&cpl=0&chi=1&cce=true&cec=UTF-8&tlm=1599464170&prot=2&rw=938&ltu=https%3A%2F%2Ftianqi.2345.com%2F&ecd=1&uc=1920x1040&pis=-1x-1&sr=1920x1080&tcn=1599464169&qn=9de3ebd5bb84d3cb&tt=1599464168351.200.1120.1126, line 137: unreachable code after return statement
JavaScript warning: https://pos.baidu.com/dctm?conwid=706&conhei=100&rdid=6093122&dc=3&exps=110261,110252,110011&psi=f47c5bd7ac14c1eb0c75a4064f7f9cfa&di=u6093122&dri=0&dis=0&dai=2&ps=1261x451&enu=encoding&ant=0&dcb=___adblockplus_&dtm=HTML_POST&dvi=0.0&dci=-1&dpt=none&tsr=0&tpr=1599464168373&ti=%E5%A4%A9%E6%B0%94%E9%A2%84%E6%8A%A5%E6%9F%A5%E8%AF%A2%E4%B8%80%E5%91%A8%2C%E5%A4%A9%E6%B0%94%E9%A2%84%E6%8A%A515%E5%A4%A9%E6%9F%A5%E8%AF%A2%2C24%E5%B0%8F%E6%97%B6%2C10%E5%A4%A9%2C30%E5%A4%A9_2345%E5%A4%A9%E6%B0%94%E9%A2%84%E6%8A%A5&ari=2&ver=0904&dbv=0&drs=1&pcs=1903x938&pss=1903x1261&cfv=0&cpl=0&chi=1&cce=true&cec=UTF-8&tlm=1599464170&prot=2&rw=938&ltu=https%3A%2F%2Ftianqi.2345.com%2F&ecd=1&uc=1920x1040&pis=-1x-1&sr=1920x1080&tcn=1599464169&qn=9de3ebd5bb84d3cb&tt=1599464168351.200.1120.1126, line 137: unreachable code after return statement
1599464174313	Marionette	INFO	Stopped listening on port 52614
IPDL protocol error: Handler returned error code!

###!!! [Parent][DispatchSyncMessage] Error: PContent::Msg_IsSecureURI Processing error: message was deserialized, but the handler returned false (indicating failure)

JavaScript error: resource:///modules/sessionstore/SessionStore.jsm, line 2262: TypeError: subject.QueryInterface is not a function
A content process crashed and MOZ_CRASHREPORTER_SHUTDOWN is set, shutting down

###!!! [Parent][MessageChannel] Error: (msgtype=0xAC0001,name=PVsync::Msg_Notify) Channel error: cannot send/recv


###!!! [Parent][MessageChannel] Error: (msgtype=0x59000E,name=PHttpBackgroundChannel::Msg___delete__) Channel error: cannot send/recv


###!!! [Parent][MessageChannel] Error: (msgtype=0x59000E,name=PHttpBackgroundChannel::Msg___delete__) Channel error: cannot send/recv


###!!! [Child][RunMessage] Error: Channel closing: too late to send/recv, messages will be lost


###!!! [Child][MessageChannel::SendAndWait] Error: Channel error: cannot send/recv

1599464177332	geckodriver	INFO	Listening on 127.0.0.1:52861
1599464180367	mozrunner::runner	INFO	Running command: "C:\\Program Files\\Mozilla Firefox\\firefox.exe" "--marionette" "-foreground" "-no-remote" "-profile" "C:\\Users\\jinwy\\AppData\\Local\\Temp\\rust_mozprofileYxMkaa"
JavaScript error: resource://gre/modules/XULStore.jsm, line 66: Error: Can't find profile directory.
console.error: SearchCache: "_readCacheFile: Error reading cache file:" (new Error("", "(unknown module)"))
1599464184561	Marionette	INFO	Listening on port 52873
console.error: Region.jsm: "Error fetching region" (new TypeError("NetworkError when attempting to fetch resource.", ""))
console.error: Region.jsm: "Failed to fetch region" (new Error("NO_RESULT", "resource://gre/modules/Region.jsm", 343))
1599464184633	Marionette	WARN	TLS certificate errors will be ignored for this session
JavaScript error: resource://gre/modules/URIFixup.jsm, line 271: NS_ERROR_FAILURE: Should pass a non-null uri
JavaScript warning: https://tianqi.2345.com/tqpcimg/tianqiimg/theme4/js/scroll-min.js, line 1: unreachable code after return statement
JavaScript warning: https://tianqi.2345.com/tqpcimg/tianqiimg/theme4/js/scroll-min.js, line 1: unreachable code after return statement
JavaScript warning: https://tianqi.2345.com/tqpcimg/tianqiimg/theme4/js/scroll-min.js, line 1: unreachable code after return statement
JavaScript warning: https://tianqi.2345.com/tqpcimg/tianqiimg/theme4/js/scroll-min.js, line 1: unreachable code after return statement
JavaScript warning: https://tianqi.2345.com/tqpcimg/tianqiimg/theme4/js/scroll-min.js, line 1: unreachable code after return statement
JavaScript warning: https://tianqi.2345.com/tqpcimg/tianqiimg/theme4/js/scroll-min.js, line 1: unreachable code after return statement
JavaScript warning: https://tianqi.2345.com/tqpcimg/tianqiimg/theme4/js/scroll-min.js, line 1: unreachable code after return statement
JavaScript warning: https://tianqi.2345.com/tqpcimg/tianqiimg/theme4/js/scroll-min.js, line 1: unreachable code after return statement
JavaScript warning: https://pos.baidu.com/bcwm?conwid=706&conhei=100&rdid=6093122&dc=3&exps=110261,110252,110011&psi=2f8a6c0375e7ccc87aef122e44387c98&di=u6093122&dri=0&dis=0&dai=2&ps=1261x451&enu=encoding&ant=0&dcb=___adblockplus_&dtm=HTML_POST&dvi=0.0&dci=-1&dpt=none&tsr=0&tpr=1599464188061&ti=%E5%A4%A9%E6%B0%94%E9%A2%84%E6%8A%A5%E6%9F%A5%E8%AF%A2%E4%B8%80%E5%91%A8%2C%E5%A4%A9%E6%B0%94%E9%A2%84%E6%8A%A515%E5%A4%A9%E6%9F%A5%E8%AF%A2%2C24%E5%B0%8F%E6%97%B6%2C10%E5%A4%A9%2C30%E5%A4%A9_2345%E5%A4%A9%E6%B0%94%E9%A2%84%E6%8A%A5&ari=2&ver=0904&dbv=0&drs=1&pcs=1903x938&pss=1903x1261&cfv=0&cpl=0&chi=1&cce=true&cec=UTF-8&tlm=1599464190&prot=2&rw=938&ltu=https%3A%2F%2Ftianqi.2345.com%2F&ecd=1&uc=1920x1040&pis=-1x-1&sr=1920x1080&tcn=1599464188&qn=4f178d1e81b953dd&tt=1599464188020.142.1198.1201, line 137: unreachable code after return statement
JavaScript warning: https://pos.baidu.com/bcwm?conwid=706&conhei=100&rdid=6093122&dc=3&exps=110261,110252,110011&psi=2f8a6c0375e7ccc87aef122e44387c98&di=u6093122&dri=0&dis=0&dai=2&ps=1261x451&enu=encoding&ant=0&dcb=___adblockplus_&dtm=HTML_POST&dvi=0.0&dci=-1&dpt=none&tsr=0&tpr=1599464188061&ti=%E5%A4%A9%E6%B0%94%E9%A2%84%E6%8A%A5%E6%9F%A5%E8%AF%A2%E4%B8%80%E5%91%A8%2C%E5%A4%A9%E6%B0%94%E9%A2%84%E6%8A%A515%E5%A4%A9%E6%9F%A5%E8%AF%A2%2C24%E5%B0%8F%E6%97%B6%2C10%E5%A4%A9%2C30%E5%A4%A9_2345%E5%A4%A9%E6%B0%94%E9%A2%84%E6%8A%A5&ari=2&ver=0904&dbv=0&drs=1&pcs=1903x938&pss=1903x1261&cfv=0&cpl=0&chi=1&cce=true&cec=UTF-8&tlm=1599464190&prot=2&rw=938&ltu=https%3A%2F%2Ftianqi.2345.com%2F&ecd=1&uc=1920x1040&pis=-1x-1&sr=1920x1080&tcn=1599464188&qn=4f178d1e81b953dd&tt=1599464188020.142.1198.1201, line 137: unreachable code after return statement
1599464194094	Marionette	INFO	Stopped listening on port 52873

###!!! [Child][RunMessage] Error: Channel closing: too late to send/recv, messages will be lost


###!!! [Child][RunMessage] Error: Channel closing: too late to send/recv, messages will be lost


###!!! [Child][RunMessage] Error: Channel closing: too late to send/recv, messages will be lost


###!!! [Child][MessageChannel::SendAndWait] Error: Channel error: cannot send/recv

1599464197705	geckodriver	INFO	Listening on 127.0.0.1:53157
1599464200745	mozrunner::runner	INFO	Running command: "C:\\Program Files\\Mozilla Firefox\\firefox.exe" "--marionette" "-foreground" "-no-remote" "-profile" "C:\\Users\\jinwy\\AppData\\Local\\Temp\\rust_mozprofiledBpSPR"
JavaScript error: resource://gre/modules/XULStore.jsm, line 66: Error: Can't find profile directory.
console.error: SearchCache: "_readCacheFile: Error reading cache file:" (new Error("", "(unknown module)"))
1599464204272	Marionette	INFO	Listening on port 53175
1599464204388	Marionette	WARN	TLS certificate errors will be ignored for this session
JavaScript error: resource://gre/modules/URIFixup.jsm, line 271: NS_ERROR_FAILURE: Should pass a non-null uri
JavaScript warning: https://tianqi.2345.com/tqpcimg/tianqiimg/theme4/js/scroll-min.js, line 1: unreachable code after return statement
JavaScript warning: https://tianqi.2345.com/tqpcimg/tianqiimg/theme4/js/scroll-min.js, line 1: unreachable code after return statement
JavaScript warning: https://tianqi.2345.com/tqpcimg/tianqiimg/theme4/js/scroll-min.js, line 1: unreachable code after return statement
JavaScript warning: https://tianqi.2345.com/tqpcimg/tianqiimg/theme4/js/scroll-min.js, line 1: unreachable code after return statement
JavaScript warning: https://tianqi.2345.com/tqpcimg/tianqiimg/theme4/js/scroll-min.js, line 1: unreachable code after return statement
JavaScript warning: https://tianqi.2345.com/tqpcimg/tianqiimg/theme4/js/scroll-min.js, line 1: unreachable code after return statement
JavaScript warning: https://tianqi.2345.com/tqpcimg/tianqiimg/theme4/js/scroll-min.js, line 1: unreachable code after return statement
JavaScript warning: https://tianqi.2345.com/tqpcimg/tianqiimg/theme4/js/scroll-min.js, line 1: unreachable code after return statement
JavaScript warning: https://pos.baidu.com/zchm?conwid=706&conhei=100&rdid=6093122&dc=3&exps=110261,110252,110011&psi=acc610288a01e5d667b0fcd069d4ce2d&di=u6093122&dri=0&dis=0&dai=2&ps=1261x451&enu=encoding&ant=0&dcb=___adblockplus_&dtm=HTML_POST&dvi=0.0&dci=-1&dpt=none&tsr=0&tpr=1599464206472&ti=%E5%A4%A9%E6%B0%94%E9%A2%84%E6%8A%A5%E6%9F%A5%E8%AF%A2%E4%B8%80%E5%91%A8%2C%E5%A4%A9%E6%B0%94%E9%A2%84%E6%8A%A515%E5%A4%A9%E6%9F%A5%E8%AF%A2%2C24%E5%B0%8F%E6%97%B6%2C10%E5%A4%A9%2C30%E5%A4%A9_2345%E5%A4%A9%E6%B0%94%E9%A2%84%E6%8A%A5&ari=2&ver=0904&dbv=0&drs=1&pcs=1903x938&pss=1903x1261&cfv=0&cpl=0&chi=1&cce=true&cec=UTF-8&tlm=1599464208&prot=2&rw=938&ltu=https%3A%2F%2Ftianqi.2345.com%2F&ecd=1&uc=1920x1040&pis=-1x-1&sr=1920x1080&tcn=1599464207&qn=6962c530c79ec54b&tt=1599464206443.108.1450.1451, line 137: unreachable code after return statement
JavaScript warning: https://pos.baidu.com/zchm?conwid=706&conhei=100&rdid=6093122&dc=3&exps=110261,110252,110011&psi=acc610288a01e5d667b0fcd069d4ce2d&di=u6093122&dri=0&dis=0&dai=2&ps=1261x451&enu=encoding&ant=0&dcb=___adblockplus_&dtm=HTML_POST&dvi=0.0&dci=-1&dpt=none&tsr=0&tpr=1599464206472&ti=%E5%A4%A9%E6%B0%94%E9%A2%84%E6%8A%A5%E6%9F%A5%E8%AF%A2%E4%B8%80%E5%91%A8%2C%E5%A4%A9%E6%B0%94%E9%A2%84%E6%8A%A515%E5%A4%A9%E6%9F%A5%E8%AF%A2%2C24%E5%B0%8F%E6%97%B6%2C10%E5%A4%A9%2C30%E5%A4%A9_2345%E5%A4%A9%E6%B0%94%E9%A2%84%E6%8A%A5&ari=2&ver=0904&dbv=0&drs=1&pcs=1903x938&pss=1903x1261&cfv=0&cpl=0&chi=1&cce=true&cec=UTF-8&tlm=1599464208&prot=2&rw=938&ltu=https%3A%2F%2Ftianqi.2345.com%2F&ecd=1&uc=1920x1040&pis=-1x-1&sr=1920x1080&tcn=1599464207&qn=6962c530c79ec54b&tt=1599464206443.108.1450.1451, line 137: unreachable code after return statement
1599464212701	Marionette	INFO	Stopped listening on port 53175

###!!! [Child][RunMessage] Error: Channel closing: too late to send/recv, messages will be lost


###!!! [Child][MessageChannel::SendAndWait] Error: Channel error: cannot send/recv

1599464216171	geckodriver	INFO	Listening on 127.0.0.1:53455
1599464219209	mozrunner::runner	INFO	Running command: "C:\\Program Files\\Mozilla Firefox\\firefox.exe" "--marionette" "-foreground" "-no-remote" "-profile" "C:\\Users\\jinwy\\AppData\\Local\\Temp\\rust_mozprofilehiG3cr"
JavaScript error: resource://gre/modules/XULStore.jsm, line 66: Error: Can't find profile directory.
console.error: SearchCache: "_readCacheFile: Error reading cache file:" (new Error("", "(unknown module)"))
1599464222621	Marionette	INFO	Listening on port 53466
1599464222851	Marionette	WARN	TLS certificate errors will be ignored for this session
JavaScript error: resource://gre/modules/URIFixup.jsm, line 271: NS_ERROR_FAILURE: Should pass a non-null uri
JavaScript warning: https://tianqi.2345.com/tqpcimg/tianqiimg/theme4/js/scroll-min.js, line 1: unreachable code after return statement
JavaScript warning: https://tianqi.2345.com/tqpcimg/tianqiimg/theme4/js/scroll-min.js, line 1: unreachable code after return statement
JavaScript warning: https://tianqi.2345.com/tqpcimg/tianqiimg/theme4/js/scroll-min.js, line 1: unreachable code after return statement
JavaScript warning: https://tianqi.2345.com/tqpcimg/tianqiimg/theme4/js/scroll-min.js, line 1: unreachable code after return statement
JavaScript warning: https://tianqi.2345.com/tqpcimg/tianqiimg/theme4/js/scroll-min.js, line 1: unreachable code after return statement
JavaScript warning: https://tianqi.2345.com/tqpcimg/tianqiimg/theme4/js/scroll-min.js, line 1: unreachable code after return statement
JavaScript warning: https://tianqi.2345.com/tqpcimg/tianqiimg/theme4/js/scroll-min.js, line 1: unreachable code after return statement
JavaScript warning: https://tianqi.2345.com/tqpcimg/tianqiimg/theme4/js/scroll-min.js, line 1: unreachable code after return statement
JavaScript warning: https://pos.baidu.com/jcsm?conwid=706&conhei=100&rdid=6093122&dc=3&exps=110261,110252,110011&psi=cec40f5bc6e04aa1972efdf534cd8b58&di=u6093122&dri=0&dis=0&dai=2&ps=1261x451&enu=encoding&ant=0&dcb=___adblockplus_&dtm=HTML_POST&dvi=0.0&dci=-1&dpt=none&tsr=0&tpr=1599464224977&ti=%E5%A4%A9%E6%B0%94%E9%A2%84%E6%8A%A5%E6%9F%A5%E8%AF%A2%E4%B8%80%E5%91%A8%2C%E5%A4%A9%E6%B0%94%E9%A2%84%E6%8A%A515%E5%A4%A9%E6%9F%A5%E8%AF%A2%2C24%E5%B0%8F%E6%97%B6%2C10%E5%A4%A9%2C30%E5%A4%A9_2345%E5%A4%A9%E6%B0%94%E9%A2%84%E6%8A%A5&ari=2&ver=0904&dbv=0&drs=1&pcs=1903x938&pss=1903x1261&cfv=0&cpl=0&chi=1&cce=true&cec=UTF-8&tlm=1599464227&prot=2&rw=938&ltu=https%3A%2F%2Ftianqi.2345.com%2F&ecd=1&uc=1920x1040&pis=-1x-1&sr=1920x1080&tcn=1599464225&qn=376cad4b4efd7c9b&tt=1599464224950.117.1353.1353, line 137: unreachable code after return statement
JavaScript warning: https://pos.baidu.com/jcsm?conwid=706&conhei=100&rdid=6093122&dc=3&exps=110261,110252,110011&psi=cec40f5bc6e04aa1972efdf534cd8b58&di=u6093122&dri=0&dis=0&dai=2&ps=1261x451&enu=encoding&ant=0&dcb=___adblockplus_&dtm=HTML_POST&dvi=0.0&dci=-1&dpt=none&tsr=0&tpr=1599464224977&ti=%E5%A4%A9%E6%B0%94%E9%A2%84%E6%8A%A5%E6%9F%A5%E8%AF%A2%E4%B8%80%E5%91%A8%2C%E5%A4%A9%E6%B0%94%E9%A2%84%E6%8A%A515%E5%A4%A9%E6%9F%A5%E8%AF%A2%2C24%E5%B0%8F%E6%97%B6%2C10%E5%A4%A9%2C30%E5%A4%A9_2345%E5%A4%A9%E6%B0%94%E9%A2%84%E6%8A%A5&ari=2&ver=0904&dbv=0&drs=1&pcs=1903x938&pss=1903x1261&cfv=0&cpl=0&chi=1&cce=true&cec=UTF-8&tlm=1599464227&prot=2&rw=938&ltu=https%3A%2F%2Ftianqi.2345.com%2F&ecd=1&uc=1920x1040&pis=-1x-1&sr=1920x1080&tcn=1599464225&qn=376cad4b4efd7c9b&tt=1599464224950.117.1353.1353, line 137: unreachable code after return statement
1599464231388	Marionette	INFO	Stopped listening on port 53466
JavaScript error: https://tianqi.2345.com/news/, line 607: TypeError: $(...).slideFocusPlugin is not a function

###!!! [Child][RunMessage] Error: Channel closing: too late to send/recv, messages will be lost


###!!! [Child][MessageChannel::SendAndWait] Error: Channel error: cannot send/recv

1599464234440	geckodriver	INFO	Listening on 127.0.0.1:53736
1599464237548	mozrunner::runner	INFO	Running command: "C:\\Program Files\\Mozilla Firefox\\firefox.exe" "--marionette" "-foreground" "-no-remote" "-profile" "C:\\Users\\jinwy\\AppData\\Local\\Temp\\rust_mozprofilepOOgaJ"
JavaScript error: resource://gre/modules/XULStore.jsm, line 66: Error: Can't find profile directory.
console.error: SearchCache: "_readCacheFile: Error reading cache file:" (new Error("", "(unknown module)"))
1599464240940	Marionette	INFO	Listening on port 53749
1599464241181	Marionette	WARN	TLS certificate errors will be ignored for this session
JavaScript error: resource://gre/modules/URIFixup.jsm, line 271: NS_ERROR_FAILURE: Should pass a non-null uri
JavaScript warning: https://tianqi.2345.com/tqpcimg/tianqiimg/theme4/js/scroll-min.js, line 1: unreachable code after return statement
JavaScript warning: https://tianqi.2345.com/tqpcimg/tianqiimg/theme4/js/scroll-min.js, line 1: unreachable code after return statement
JavaScript warning: https://tianqi.2345.com/tqpcimg/tianqiimg/theme4/js/scroll-min.js, line 1: unreachable code after return statement
JavaScript warning: https://tianqi.2345.com/tqpcimg/tianqiimg/theme4/js/scroll-min.js, line 1: unreachable code after return statement
JavaScript warning: https://tianqi.2345.com/tqpcimg/tianqiimg/theme4/js/scroll-min.js, line 1: unreachable code after return statement
JavaScript warning: https://tianqi.2345.com/tqpcimg/tianqiimg/theme4/js/scroll-min.js, line 1: unreachable code after return statement
JavaScript warning: https://tianqi.2345.com/tqpcimg/tianqiimg/theme4/js/scroll-min.js, line 1: unreachable code after return statement
JavaScript warning: https://tianqi.2345.com/tqpcimg/tianqiimg/theme4/js/scroll-min.js, line 1: unreachable code after return statement
JavaScript warning: https://pos.baidu.com/rcom?conwid=706&conhei=100&rdid=6093122&dc=3&exps=110261,110252,110011&psi=7d6e97344fa4d103d35bdadc6e1d4115&di=u6093122&dri=0&dis=0&dai=2&ps=1261x451&enu=encoding&ant=0&dcb=___adblockplus_&dtm=HTML_POST&dvi=0.0&dci=-1&dpt=none&tsr=0&tpr=1599464243041&ti=%E5%A4%A9%E6%B0%94%E9%A2%84%E6%8A%A5%E6%9F%A5%E8%AF%A2%E4%B8%80%E5%91%A8%2C%E5%A4%A9%E6%B0%94%E9%A2%84%E6%8A%A515%E5%A4%A9%E6%9F%A5%E8%AF%A2%2C24%E5%B0%8F%E6%97%B6%2C10%E5%A4%A9%2C30%E5%A4%A9_2345%E5%A4%A9%E6%B0%94%E9%A2%84%E6%8A%A5&ari=2&ver=0904&dbv=0&drs=1&pcs=1903x938&pss=1903x1261&cfv=0&cpl=0&chi=1&cce=true&cec=UTF-8&tlm=1599464245&prot=2&rw=938&ltu=https%3A%2F%2Ftianqi.2345.com%2F&ecd=1&uc=1920x1040&pis=-1x-1&sr=1920x1080&tcn=1599464243&qn=a6fece9d9a4258f8&tt=1599464243012.242.1138.1144, line 137: unreachable code after return statement
JavaScript warning: https://pos.baidu.com/rcom?conwid=706&conhei=100&rdid=6093122&dc=3&exps=110261,110252,110011&psi=7d6e97344fa4d103d35bdadc6e1d4115&di=u6093122&dri=0&dis=0&dai=2&ps=1261x451&enu=encoding&ant=0&dcb=___adblockplus_&dtm=HTML_POST&dvi=0.0&dci=-1&dpt=none&tsr=0&tpr=1599464243041&ti=%E5%A4%A9%E6%B0%94%E9%A2%84%E6%8A%A5%E6%9F%A5%E8%AF%A2%E4%B8%80%E5%91%A8%2C%E5%A4%A9%E6%B0%94%E9%A2%84%E6%8A%A515%E5%A4%A9%E6%9F%A5%E8%AF%A2%2C24%E5%B0%8F%E6%97%B6%2C10%E5%A4%A9%2C30%E5%A4%A9_2345%E5%A4%A9%E6%B0%94%E9%A2%84%E6%8A%A5&ari=2&ver=0904&dbv=0&drs=1&pcs=1903x938&pss=1903x1261&cfv=0&cpl=0&chi=1&cce=true&cec=UTF-8&tlm=1599464245&prot=2&rw=938&ltu=https%3A%2F%2Ftianqi.2345.com%2F&ecd=1&uc=1920x1040&pis=-1x-1&sr=1920x1080&tcn=1599464243&qn=a6fece9d9a4258f8&tt=1599464243012.242.1138.1144, line 137: unreachable code after return statement
1599464249661	Marionette	INFO	Stopped listening on port 53749
JavaScript error: https://tianqi.2345.com/tqpcimg/tianqiimg/theme4/js/jquery-1.8.3.min.js, line 2: NS_ERROR_NOT_INITIALIZED: 
[Child 29620, Chrome_ChildThread] WARNING: pipe error: 232: file /builds/worker/checkouts/gecko/ipc/chromium/src/chrome/common/ipc_channel_win.cc, line 545
[Child 29620, Chrome_ChildThread] WARNING: pipe error: 232: file /builds/worker/checkouts/gecko/ipc/chromium/src/chrome/common/ipc_channel_win.cc, line 545

###!!! [Child][RunMessage] Error: Channel closing: too late to send/recv, messages will be lost


###!!! [Child][MessageChannel::SendAndWait] Error: Channel error: cannot send/recv

1599464252263	geckodriver	INFO	Listening on 127.0.0.1:54005
1599464255304	mozrunner::runner	INFO	Running command: "C:\\Program Files\\Mozilla Firefox\\firefox.exe" "--marionette" "-foreground" "-no-remote" "-profile" "C:\\Users\\jinwy\\AppData\\Local\\Temp\\rust_mozprofileiRZKlF"
JavaScript error: resource://gre/modules/XULStore.jsm, line 66: Error: Can't find profile directory.
console.error: SearchCache: "_readCacheFile: Error reading cache file:" (new Error("", "(unknown module)"))
console.error: Region.jsm: "Error fetching region" (new TypeError("NetworkError when attempting to fetch resource.", ""))
console.error: Region.jsm: "Failed to fetch region" (new Error("NO_RESULT", "resource://gre/modules/Region.jsm", 343))
1599464259198	Marionette	INFO	Listening on port 54018
1599464259439	Marionette	WARN	TLS certificate errors will be ignored for this session
JavaScript error: resource://gre/modules/URIFixup.jsm, line 271: NS_ERROR_FAILURE: Should pass a non-null uri
JavaScript warning: https://tianqi.2345.com/tqpcimg/tianqiimg/theme4/js/scroll-min.js, line 1: unreachable code after return statement
JavaScript warning: https://tianqi.2345.com/tqpcimg/tianqiimg/theme4/js/scroll-min.js, line 1: unreachable code after return statement
JavaScript warning: https://tianqi.2345.com/tqpcimg/tianqiimg/theme4/js/scroll-min.js, line 1: unreachable code after return statement
JavaScript warning: https://tianqi.2345.com/tqpcimg/tianqiimg/theme4/js/scroll-min.js, line 1: unreachable code after return statement
JavaScript warning: https://tianqi.2345.com/tqpcimg/tianqiimg/theme4/js/scroll-min.js, line 1: unreachable code after return statement
JavaScript warning: https://tianqi.2345.com/tqpcimg/tianqiimg/theme4/js/scroll-min.js, line 1: unreachable code after return statement
JavaScript warning: https://tianqi.2345.com/tqpcimg/tianqiimg/theme4/js/scroll-min.js, line 1: unreachable code after return statement
JavaScript warning: https://tianqi.2345.com/tqpcimg/tianqiimg/theme4/js/scroll-min.js, line 1: unreachable code after return statement
JavaScript warning: https://pos.baidu.com/scpm?conwid=706&conhei=100&rdid=6093122&dc=3&exps=110261,110252,110011&psi=e75936dfdce3b71cc9cb967fc3fef56e&di=u6093122&dri=0&dis=0&dai=2&ps=1261x451&enu=encoding&ant=0&dcb=___adblockplus_&dtm=HTML_POST&dvi=0.0&dci=-1&dpt=none&tsr=0&tpr=1599464261290&ti=%E5%A4%A9%E6%B0%94%E9%A2%84%E6%8A%A5%E6%9F%A5%E8%AF%A2%E4%B8%80%E5%91%A8%2C%E5%A4%A9%E6%B0%94%E9%A2%84%E6%8A%A515%E5%A4%A9%E6%9F%A5%E8%AF%A2%2C24%E5%B0%8F%E6%97%B6%2C10%E5%A4%A9%2C30%E5%A4%A9_2345%E5%A4%A9%E6%B0%94%E9%A2%84%E6%8A%A5&ari=2&ver=0904&dbv=0&drs=1&pcs=1903x938&pss=1903x1261&cfv=0&cpl=0&chi=1&cce=true&cec=UTF-8&tlm=1599464263&prot=2&rw=938&ltu=https%3A%2F%2Ftianqi.2345.com%2F&ecd=1&uc=1920x1040&pis=-1x-1&sr=1920x1080&tcn=1599464262&qn=5551245c9a1840f7&tt=1599464261275.234.1321.1322, line 137: unreachable code after return statement
JavaScript warning: https://pos.baidu.com/scpm?conwid=706&conhei=100&rdid=6093122&dc=3&exps=110261,110252,110011&psi=e75936dfdce3b71cc9cb967fc3fef56e&di=u6093122&dri=0&dis=0&dai=2&ps=1261x451&enu=encoding&ant=0&dcb=___adblockplus_&dtm=HTML_POST&dvi=0.0&dci=-1&dpt=none&tsr=0&tpr=1599464261290&ti=%E5%A4%A9%E6%B0%94%E9%A2%84%E6%8A%A5%E6%9F%A5%E8%AF%A2%E4%B8%80%E5%91%A8%2C%E5%A4%A9%E6%B0%94%E9%A2%84%E6%8A%A515%E5%A4%A9%E6%9F%A5%E8%AF%A2%2C24%E5%B0%8F%E6%97%B6%2C10%E5%A4%A9%2C30%E5%A4%A9_2345%E5%A4%A9%E6%B0%94%E9%A2%84%E6%8A%A5&ari=2&ver=0904&dbv=0&drs=1&pcs=1903x938&pss=1903x1261&cfv=0&cpl=0&chi=1&cce=true&cec=UTF-8&tlm=1599464263&prot=2&rw=938&ltu=https%3A%2F%2Ftianqi.2345.com%2F&ecd=1&uc=1920x1040&pis=-1x-1&sr=1920x1080&tcn=1599464262&qn=5551245c9a1840f7&tt=1599464261275.234.1321.1322, line 137: unreachable code after return statement
1599464266952	Marionette	INFO	Stopped listening on port 54018

###!!! [Child][MessageChannel] Error: (msgtype=0x390138,name=PContent::Msg_ScriptError) Channel closing: too late to send/recv, messages will be lost


###!!! [Child][RunMessage] Error: Channel closing: too late to send/recv, messages will be lost


###!!! [Child][RunMessage] Error: Channel closing: too late to send/recv, messages will be lost


###!!! [Child][RunMessage] Error: Channel closing: too late to send/recv, messages will be lost


###!!! [Child][RunMessage] Error: Channel closing: too late to send/recv, messages will be lost


###!!! [Child][RunMessage] Error: Channel closing: too late to send/recv, messages will be lost


###!!! [Child][RunMessage] Error: Channel closing: too late to send/recv, messages will be lost


###!!! [Child][RunMessage] Error: Channel closing: too late to send/recv, messages will be lost


###!!! [Child][RunMessage] Error: Channel closing: too late to send/recv, messages will be lost


###!!! [Child][RunMessage] Error: Channel closing: too late to send/recv, messages will be lost


###!!! [Child][RunMessage] Error: Channel closing: too late to send/recv, messages will be lost


###!!! [Child][RunMessage] Error: Channel closing: too late to send/recv, messages will be lost


###!!! [Child][RunMessage] Error: Channel closing: too late to send/recv, messages will be lost


###!!! [Child][RunMessage] Error: Channel closing: too late to send/recv, messages will be lost


###!!! [Child][RunMessage] Error: Channel closing: too late to send/recv, messages will be lost


###!!! [Child][RunMessage] Error: Channel closing: too late to send/recv, messages will be lost


###!!! [Child][MessageChannel::SendAndWait] Error: Channel error: cannot send/recv

1599464269481	geckodriver	INFO	Listening on 127.0.0.1:54245
1599464272547	mozrunner::runner	INFO	Running command: "C:\\Program Files\\Mozilla Firefox\\firefox.exe" "--marionette" "-foreground" "-no-remote" "-profile" "C:\\Users\\jinwy\\AppData\\Local\\Temp\\rust_mozprofileK0LdL9"
JavaScript error: resource://gre/modules/XULStore.jsm, line 66: Error: Can't find profile directory.
console.error: SearchCache: "_readCacheFile: Error reading cache file:" (new Error("", "(unknown module)"))
1599464275828	Marionette	INFO	Listening on port 54258
1599464276185	Marionette	WARN	TLS certificate errors will be ignored for this session
JavaScript error: resource://gre/modules/URIFixup.jsm, line 271: NS_ERROR_FAILURE: Should pass a non-null uri
JavaScript warning: https://tianqi.2345.com/tqpcimg/tianqiimg/theme4/js/scroll-min.js, line 1: unreachable code after return statement
JavaScript warning: https://tianqi.2345.com/tqpcimg/tianqiimg/theme4/js/scroll-min.js, line 1: unreachable code after return statement
JavaScript warning: https://tianqi.2345.com/tqpcimg/tianqiimg/theme4/js/scroll-min.js, line 1: unreachable code after return statement
JavaScript warning: https://tianqi.2345.com/tqpcimg/tianqiimg/theme4/js/scroll-min.js, line 1: unreachable code after return statement
JavaScript warning: https://tianqi.2345.com/tqpcimg/tianqiimg/theme4/js/scroll-min.js, line 1: unreachable code after return statement
JavaScript warning: https://tianqi.2345.com/tqpcimg/tianqiimg/theme4/js/scroll-min.js, line 1: unreachable code after return statement
JavaScript warning: https://tianqi.2345.com/tqpcimg/tianqiimg/theme4/js/scroll-min.js, line 1: unreachable code after return statement
JavaScript warning: https://tianqi.2345.com/tqpcimg/tianqiimg/theme4/js/scroll-min.js, line 1: unreachable code after return statement
JavaScript warning: https://pos.baidu.com/pchm?conwid=706&conhei=100&rdid=6093122&dc=3&exps=110261,110252,110011&psi=f0ce642e9b0ebf5f66fd822f05429a51&di=u6093122&dri=0&dis=0&dai=2&ps=1261x451&enu=encoding&ant=0&dcb=___adblockplus_&dtm=HTML_POST&dvi=0.0&dci=-1&dpt=none&tsr=0&tpr=1599464278435&ti=%E5%A4%A9%E6%B0%94%E9%A2%84%E6%8A%A5%E6%9F%A5%E8%AF%A2%E4%B8%80%E5%91%A8%2C%E5%A4%A9%E6%B0%94%E9%A2%84%E6%8A%A515%E5%A4%A9%E6%9F%A5%E8%AF%A2%2C24%E5%B0%8F%E6%97%B6%2C10%E5%A4%A9%2C30%E5%A4%A9_2345%E5%A4%A9%E6%B0%94%E9%A2%84%E6%8A%A5&ari=2&ver=0904&dbv=0&drs=1&pcs=1903x938&pss=1903x2423&cfv=0&cpl=0&chi=1&cce=true&cec=UTF-8&tlm=1599464280&prot=2&rw=938&ltu=https%3A%2F%2Ftianqi.2345.com%2F&ecd=1&uc=1920x1040&pis=-1x-1&sr=1920x1080&tcn=1599464278&qn=705c0558ef5a352d&tt=1599464278418.27.924.925, line 137: unreachable code after return statement
JavaScript warning: https://pos.baidu.com/pchm?conwid=706&conhei=100&rdid=6093122&dc=3&exps=110261,110252,110011&psi=f0ce642e9b0ebf5f66fd822f05429a51&di=u6093122&dri=0&dis=0&dai=2&ps=1261x451&enu=encoding&ant=0&dcb=___adblockplus_&dtm=HTML_POST&dvi=0.0&dci=-1&dpt=none&tsr=0&tpr=1599464278435&ti=%E5%A4%A9%E6%B0%94%E9%A2%84%E6%8A%A5%E6%9F%A5%E8%AF%A2%E4%B8%80%E5%91%A8%2C%E5%A4%A9%E6%B0%94%E9%A2%84%E6%8A%A515%E5%A4%A9%E6%9F%A5%E8%AF%A2%2C24%E5%B0%8F%E6%97%B6%2C10%E5%A4%A9%2C30%E5%A4%A9_2345%E5%A4%A9%E6%B0%94%E9%A2%84%E6%8A%A5&ari=2&ver=0904&dbv=0&drs=1&pcs=1903x938&pss=1903x2423&cfv=0&cpl=0&chi=1&cce=true&cec=UTF-8&tlm=1599464280&prot=2&rw=938&ltu=https%3A%2F%2Ftianqi.2345.com%2F&ecd=1&uc=1920x1040&pis=-1x-1&sr=1920x1080&tcn=1599464278&qn=705c0558ef5a352d&tt=1599464278418.27.924.925, line 137: unreachable code after return statement
1599464284187	Marionette	INFO	Stopped listening on port 54258
[Child 21612, Chrome_ChildThread] WARNING: pipe error: 232: file /builds/worker/checkouts/gecko/ipc/chromium/src/chrome/common/ipc_channel_win.cc, line 545
[Child 21612, Chrome_ChildThread] WARNING: pipe error: 232: file /builds/worker/checkouts/gecko/ipc/chromium/src/chrome/common/ipc_channel_win.cc, line 545

###!!! [Child][RunMessage] Error: Channel closing: too late to send/recv, messages will be lost


###!!! [Child][MessageChannel::SendAndWait] Error: Channel error: cannot send/recv

1599464287037	geckodriver	INFO	Listening on 127.0.0.1:54502
1599464290102	mozrunner::runner	INFO	Running command: "C:\\Program Files\\Mozilla Firefox\\firefox.exe" "--marionette" "-foreground" "-no-remote" "-profile" "C:\\Users\\jinwy\\AppData\\Local\\Temp\\rust_mozprofilesvPmM7"
JavaScript error: resource://gre/modules/XULStore.jsm, line 66: Error: Can't find profile directory.
console.error: SearchCache: "_readCacheFile: Error reading cache file:" (new Error("", "(unknown module)"))
1599464293311	Marionette	INFO	Listening on port 54514
1599464293743	Marionette	WARN	TLS certificate errors will be ignored for this session
JavaScript error: resource://gre/modules/URIFixup.jsm, line 271: NS_ERROR_FAILURE: Should pass a non-null uri
JavaScript warning: https://tianqi.2345.com/tqpcimg/tianqiimg/theme4/js/scroll-min.js, line 1: unreachable code after return statement
JavaScript warning: https://tianqi.2345.com/tqpcimg/tianqiimg/theme4/js/scroll-min.js, line 1: unreachable code after return statement
JavaScript warning: https://tianqi.2345.com/tqpcimg/tianqiimg/theme4/js/scroll-min.js, line 1: unreachable code after return statement
JavaScript warning: https://tianqi.2345.com/tqpcimg/tianqiimg/theme4/js/scroll-min.js, line 1: unreachable code after return statement
JavaScript warning: https://tianqi.2345.com/tqpcimg/tianqiimg/theme4/js/scroll-min.js, line 1: unreachable code after return statement
JavaScript warning: https://tianqi.2345.com/tqpcimg/tianqiimg/theme4/js/scroll-min.js, line 1: unreachable code after return statement
JavaScript warning: https://tianqi.2345.com/tqpcimg/tianqiimg/theme4/js/scroll-min.js, line 1: unreachable code after return statement
JavaScript warning: https://tianqi.2345.com/tqpcimg/tianqiimg/theme4/js/scroll-min.js, line 1: unreachable code after return statement
JavaScript warning: https://pos.baidu.com/hcjm?conwid=706&conhei=100&rdid=6093122&dc=3&exps=110261,110252,110011&psi=9f7dbd7ab238aa4fd979c3c098e5773f&di=u6093122&dri=0&dis=0&dai=2&ps=1261x451&enu=encoding&ant=0&dcb=___adblockplus_&dtm=HTML_POST&dvi=0.0&dci=-1&dpt=none&tsr=0&tpr=1599464296141&ti=%E5%A4%A9%E6%B0%94%E9%A2%84%E6%8A%A5%E6%9F%A5%E8%AF%A2%E4%B8%80%E5%91%A8%2C%E5%A4%A9%E6%B0%94%E9%A2%84%E6%8A%A515%E5%A4%A9%E6%9F%A5%E8%AF%A2%2C24%E5%B0%8F%E6%97%B6%2C10%E5%A4%A9%2C30%E5%A4%A9_2345%E5%A4%A9%E6%B0%94%E9%A2%84%E6%8A%A5&ari=2&ver=0904&dbv=0&drs=3&pcs=1903x938&pss=1903x2423&cfv=0&cpl=0&chi=1&cce=true&cec=UTF-8&tlm=1599464298&prot=2&rw=938&ltu=https%3A%2F%2Ftianqi.2345.com%2F&ecd=1&uc=1920x1040&pis=-1x-1&sr=1920x1080&tcn=1599464296&qn=dffd6c520828dae9&tt=1599464296116.45.684.686, line 137: unreachable code after return statement
JavaScript warning: https://pos.baidu.com/hcjm?conwid=706&conhei=100&rdid=6093122&dc=3&exps=110261,110252,110011&psi=9f7dbd7ab238aa4fd979c3c098e5773f&di=u6093122&dri=0&dis=0&dai=2&ps=1261x451&enu=encoding&ant=0&dcb=___adblockplus_&dtm=HTML_POST&dvi=0.0&dci=-1&dpt=none&tsr=0&tpr=1599464296141&ti=%E5%A4%A9%E6%B0%94%E9%A2%84%E6%8A%A5%E6%9F%A5%E8%AF%A2%E4%B8%80%E5%91%A8%2C%E5%A4%A9%E6%B0%94%E9%A2%84%E6%8A%A515%E5%A4%A9%E6%9F%A5%E8%AF%A2%2C24%E5%B0%8F%E6%97%B6%2C10%E5%A4%A9%2C30%E5%A4%A9_2345%E5%A4%A9%E6%B0%94%E9%A2%84%E6%8A%A5&ari=2&ver=0904&dbv=0&drs=3&pcs=1903x938&pss=1903x2423&cfv=0&cpl=0&chi=1&cce=true&cec=UTF-8&tlm=1599464298&prot=2&rw=938&ltu=https%3A%2F%2Ftianqi.2345.com%2F&ecd=1&uc=1920x1040&pis=-1x-1&sr=1920x1080&tcn=1599464296&qn=dffd6c520828dae9&tt=1599464296116.45.684.686, line 137: unreachable code after return statement
JavaScript warning: https://tianqi.2345.com/tqpcimg/tianqiimg/theme4/js/scroll-min.js, line 1: unreachable code after return statement
JavaScript warning: https://tianqi.2345.com/tqpcimg/tianqiimg/theme4/js/scroll-min.js, line 1: unreachable code after return statement
JavaScript warning: https://tianqi.2345.com/tqpcimg/tianqiimg/theme4/js/scroll-min.js, line 1: unreachable code after return statement
JavaScript warning: https://tianqi.2345.com/tqpcimg/tianqiimg/theme4/js/scroll-min.js, line 1: unreachable code after return statement
JavaScript warning: https://tianqi.2345.com/tqpcimg/tianqiimg/theme4/js/scroll-min.js, line 1: unreachable code after return statement
JavaScript warning: https://tianqi.2345.com/tqpcimg/tianqiimg/theme4/js/scroll-min.js, line 1: unreachable code after return statement
JavaScript warning: https://tianqi.2345.com/tqpcimg/tianqiimg/theme4/js/scroll-min.js, line 1: unreachable code after return statement
JavaScript warning: https://tianqi.2345.com/tqpcimg/tianqiimg/theme4/js/scroll-min.js, line 1: unreachable code after return statement
JavaScript warning: https://pos.baidu.com/xcem?conwid=706&conhei=100&rdid=6093122&dc=3&exps=110261,110252,110011&psi=d7310509e0d4737e1abc875b1aea419b&di=u6093122&dri=0&dis=0&dai=2&ps=1381x451&enu=encoding&ant=0&dcb=___adblockplus_&dtm=HTML_POST&dvi=0.0&dci=-1&dpt=none&tsr=0&tpr=1599464301930&ti=%E5%A4%A9%E6%B0%94%E9%A2%84%E6%8A%A5%E6%9F%A5%E8%AF%A2%E4%B8%80%E5%91%A8%2C%E5%A4%A9%E6%B0%94%E9%A2%84%E6%8A%A515%E5%A4%A9%E6%9F%A5%E8%AF%A2%2C24%E5%B0%8F%E6%97%B6%2C10%E5%A4%A9%2C30%E5%A4%A9_2345%E5%A4%A9%E6%B0%94%E9%A2%84%E6%8A%A5&ari=2&ver=0904&dbv=0&drs=1&pcs=1903x938&pss=1903x2543&cfv=0&cpl=0&chi=1&cce=true&cec=UTF-8&tlm=1599464304&prot=2&rw=938&ltu=https%3A%2F%2Ftianqi.2345.com%2F&ltr=https%3A%2F%2Ftianqi.2345.com%2F&ecd=1&uc=1920x1040&pis=-1x-1&sr=1920x1080&tcn=1599464302&qn=dffd6c520828dae9&tt=1599464301916.42.42.43, line 137: unreachable code after return statement
JavaScript warning: https://pos.baidu.com/xcem?conwid=706&conhei=100&rdid=6093122&dc=3&exps=110261,110252,110011&psi=d7310509e0d4737e1abc875b1aea419b&di=u6093122&dri=0&dis=0&dai=2&ps=1381x451&enu=encoding&ant=0&dcb=___adblockplus_&dtm=HTML_POST&dvi=0.0&dci=-1&dpt=none&tsr=0&tpr=1599464301930&ti=%E5%A4%A9%E6%B0%94%E9%A2%84%E6%8A%A5%E6%9F%A5%E8%AF%A2%E4%B8%80%E5%91%A8%2C%E5%A4%A9%E6%B0%94%E9%A2%84%E6%8A%A515%E5%A4%A9%E6%9F%A5%E8%AF%A2%2C24%E5%B0%8F%E6%97%B6%2C10%E5%A4%A9%2C30%E5%A4%A9_2345%E5%A4%A9%E6%B0%94%E9%A2%84%E6%8A%A5&ari=2&ver=0904&dbv=0&drs=1&pcs=1903x938&pss=1903x2543&cfv=0&cpl=0&chi=1&cce=true&cec=UTF-8&tlm=1599464304&prot=2&rw=938&ltu=https%3A%2F%2Ftianqi.2345.com%2F&ltr=https%3A%2F%2Ftianqi.2345.com%2F&ecd=1&uc=1920x1040&pis=-1x-1&sr=1920x1080&tcn=1599464302&qn=dffd6c520828dae9&tt=1599464301916.42.42.43, line 137: unreachable code after return statement
1599464305354	Marionette	INFO	Stopped listening on port 54514

###!!! [Child][RunMessage] Error: Channel closing: too late to send/recv, messages will be lost


###!!! [Child][RunMessage] Error: Channel closing: too late to send/recv, messages will be lost


###!!! [Child][MessageChannel::SendAndWait] Error: Channel error: cannot send/recv

